1611652428950	geckodriver	INFO	Listening on 127.0.0.1:50893
1611652428957	mozrunner::runner	INFO	Running command: "/usr/bin/firefox" "--marionette" "-foreground" "-no-remote" "-profile" "/tmp/rust_mozprofile0nZklU"
console.info: MINT: Trying to use the system region (based on LANG).
console.info: MINT: System region is GB
console.warn: SearchSettings: "get: No settings file exists, new profile?" (new Error("", "(unknown module)"))
console.info: MINT: Loading search-config defaults.
JavaScript error: resource://gre/modules/TelemetryUtils.jsm, line 159: TypeError: date is undefined
console.error: "Could not load engine startpage-gb@search.mozilla.org: Error: File resource://search-extensions/startpage-gb/ does not contain a valid manifest"
1611652431407	Marionette	INFO	Listening on port 36819
1611652431486	Marionette	WARN	TLS certificate errors will be ignored for this session
IPDL protocol error: Handler returned error code!

###!!! [Parent][DispatchAsyncMessage] Error: PLayerTransaction::Msg_ReleaseLayer Processing error: message was deserialized, but the handler returned false (indicating failure)

IPDL protocol error: Handler returned error code!

###!!! [Parent][DispatchAsyncMessage] Error: PLayerTransaction::Msg_ReleaseLayer Processing error: message was deserialized, but the handler returned false (indicating failure)

JavaScript error: resource:///modules/FaviconLoader.jsm, line 596: InvalidStateError: JSWindowActorChild.sendAsyncMessage: JSWindowActorChild cannot send at the moment
JavaScript error: resource:///modules/FaviconLoader.jsm, line 596: InvalidStateError: JSWindowActorChild.sendAsyncMessage: JSWindowActorChild cannot send at the moment
1611652446409	Marionette	INFO	Stopped listening on port 36819
1611654139042	geckodriver	INFO	Listening on 127.0.0.1:37151
1611654139053	mozrunner::runner	INFO	Running command: "/usr/bin/firefox" "--marionette" "-foreground" "-no-remote" "-profile" "/tmp/rust_mozprofileFvDxUv"
console.info: MINT: Trying to use the system region (based on LANG).
console.info: MINT: System region is GB
console.warn: SearchSettings: "get: No settings file exists, new profile?" (new Error("", "(unknown module)"))
console.info: MINT: Loading search-config defaults.
console.error: "Could not load engine startpage-gb@search.mozilla.org: Error: File resource://search-extensions/startpage-gb/ does not contain a valid manifest"
1611654141555	Marionette	INFO	Listening on port 42049
1611654141594	Marionette	WARN	TLS certificate errors will be ignored for this session
1611654149701	Marionette	INFO	Stopped listening on port 42049
1611654169010	geckodriver	INFO	Listening on 127.0.0.1:33191
1611654176879	mozrunner::runner	INFO	Running command: "/usr/bin/firefox" "--marionette" "-foreground" "-no-remote" "-profile" "/tmp/rust_mozprofilekVW7mo"
console.info: MINT: Trying to use the system region (based on LANG).
console.info: MINT: System region is GB
console.info: MINT: Loading search-config defaults.
console.error: "Could not load engine startpage-gb@search.mozilla.org: Error: File resource://search-extensions/startpage-gb/ does not contain a valid manifest"
JavaScript warning: moz-extension://91623b6e-1eab-4bc4-a593-e2fe064c2fd6/background.js, line 0: Successfully compiled asm.js code (total compilation time 1ms)
1611654179425	Marionette	INFO	Listening on port 37853
1611654179587	Marionette	WARN	TLS certificate errors will be ignored for this session
JavaScript error: undefined, line 0: Error: frame.state is undefined
JavaScript error: moz-extension://b73a1f6f-0d6a-43fd-8235-b37a7e5798e6/h0-main.js, line 1: Error: Could not establish connection. Receiving end does not exist.
JavaScript error: moz-extension://b73a1f6f-0d6a-43fd-8235-b37a7e5798e6/h0-main.js, line 1: Error: Could not establish connection. Receiving end does not exist.
JavaScript error: moz-extension://b73a1f6f-0d6a-43fd-8235-b37a7e5798e6/h0-main.js, line 1: Error: Could not establish connection. Receiving end does not exist.
Extension error: Error: Type error for parameter tabId (Integer -1 is too small (must be at least 0)) for tabs.get. moz-extension://91623b6e-1eab-4bc4-a593-e2fe064c2fd6/ext/background.js 143
[[Exception stack
updatePageFrameStructure@moz-extension://91623b6e-1eab-4bc4-a593-e2fe064c2fd6/ext/background.js:143:20
@moz-extension://91623b6e-1eab-4bc4-a593-e2fe064c2fd6/ext/background.js:246:29
Current stack
applySafeWithoutClone@resource://gre/modules/ExtensionCommon.jsm:622:13
fire@resource://gre/modules/ExtensionChild.jsm:806:37
recvRunListener@resource://gre/modules/ExtensionChild.jsm:810:13
_recv@resource://gre/modules/ConduitsChild.jsm:78:20
receiveMessage@resource://gre/modules/ConduitsChild.jsm:184:20
run@resource://gre/modules/ConduitsChild.jsm:175:30
receiveMessage/<@resource://gre/modules/ConduitsChild.jsm:176:46
receiveMessage@resource://gre/modules/ConduitsChild.jsm:176:31
]]
JavaScript error: resource://gre/modules/ConduitsChild.jsm, line 108: Error: sendRemoveListener on closed conduit support@lastpass.com.274877906966
JavaScript error: resource://gre/modules/ExtensionContent.jsm, line 169: NS_ERROR_NOT_AVAILABLE
JavaScript error: resource://gre/modules/ExtensionContent.jsm, line 169: NS_ERROR_NOT_AVAILABLE
JavaScript error: resource://gre/modules/ExtensionContent.jsm, line 613: TypeError: context.contentWindow is null
1611654184040	Marionette	WARN	Ignoring event 'DOMContentLoaded' because document has an invalid readyState of 'complete'.
JavaScript warning: https://www.allkpop.com/, line 1500: unreachable code after return statement
JavaScript warning: https://jsc.adskeeper.co.uk/a/d/adxpub.kshow123.net.1046556.js, line 1: WebGL context was lost.
JavaScript warning: https://jsc.adskeeper.co.uk/a/d/adxpub.kshow123.net.1046556.js, line 1: WebGL context was lost.
JavaScript error: chrome://browser/content/browser-customization.js, line 166: NS_ERROR_NOT_INITIALIZED: 
JavaScript error: resource://gre/modules/BackgroundPageThumbs.jsm, line 476: TypeError: this._captureQueue is undefined
1611654201694	Marionette	INFO	Stopped listening on port 37853
1611654299082	geckodriver	INFO	Listening on 127.0.0.1:58505
1611654306462	mozrunner::runner	INFO	Running command: "/usr/bin/firefox" "--marionette" "-foreground" "-no-remote" "-profile" "/tmp/rust_mozprofilekEm5Dw"
console.info: MINT: Trying to use the system region (based on LANG).
console.info: MINT: System region is GB
console.info: MINT: Loading search-config defaults.
console.error: "Could not load engine startpage-gb@search.mozilla.org: Error: File resource://search-extensions/startpage-gb/ does not contain a valid manifest"
1611654308861	Marionette	INFO	Listening on port 44303
1611654308922	Marionette	WARN	TLS certificate errors will be ignored for this session
JavaScript warning: moz-extension://91623b6e-1eab-4bc4-a593-e2fe064c2fd6/background.js, line 0: Successfully compiled asm.js code (total compilation time 1ms)
JavaScript error: moz-extension://b73a1f6f-0d6a-43fd-8235-b37a7e5798e6/h0-main.js, line 1: Error: Could not establish connection. Receiving end does not exist.
JavaScript error: undefined, line 0: Error: frame.state is undefined
JavaScript error: moz-extension://b73a1f6f-0d6a-43fd-8235-b37a7e5798e6/h0-main.js, line 1: Error: Could not establish connection. Receiving end does not exist.
Extension error: Error: Type error for parameter tabId (Integer -1 is too small (must be at least 0)) for tabs.get. moz-extension://91623b6e-1eab-4bc4-a593-e2fe064c2fd6/ext/background.js 143
[[Exception stack
updatePageFrameStructure@moz-extension://91623b6e-1eab-4bc4-a593-e2fe064c2fd6/ext/background.js:143:20
@moz-extension://91623b6e-1eab-4bc4-a593-e2fe064c2fd6/ext/background.js:246:29
Current stack
applySafeWithoutClone@resource://gre/modules/ExtensionCommon.jsm:622:13
fire@resource://gre/modules/ExtensionChild.jsm:806:37
recvRunListener@resource://gre/modules/ExtensionChild.jsm:810:13
_recv@resource://gre/modules/ConduitsChild.jsm:78:20
receiveMessage@resource://gre/modules/ConduitsChild.jsm:184:20
run@resource://gre/modules/ConduitsChild.jsm:175:30
receiveMessage/<@resource://gre/modules/ConduitsChild.jsm:176:46
receiveMessage@resource://gre/modules/ConduitsChild.jsm:176:31
]]
JavaScript error: resource://gre/modules/ConduitsChild.jsm, line 108: Error: sendRemoveListener on closed conduit support@lastpass.com.274877906952
JavaScript error: resource://gre/modules/ExtensionContent.jsm, line 169: NS_ERROR_NOT_AVAILABLE
JavaScript error: resource://gre/modules/ExtensionContent.jsm, line 169: NS_ERROR_NOT_AVAILABLE
JavaScript error: resource://gre/modules/ExtensionContent.jsm, line 613: TypeError: context.contentWindow is null
JavaScript warning: https://www.allkpop.com/, line 1500: unreachable code after return statement
IPDL protocol error: Handler returned error code!

###!!! [Parent][DispatchAsyncMessage] Error: PLayerTransaction::Msg_ReleaseLayer Processing error: message was deserialized, but the handler returned false (indicating failure)

IPDL protocol error: Handler returned error code!

###!!! [Parent][DispatchAsyncMessage] Error: PLayerTransaction::Msg_ReleaseLayer Processing error: message was deserialized, but the handler returned false (indicating failure)

1611654316255	Marionette	INFO	Stopped listening on port 44303
1611654341645	geckodriver	INFO	Listening on 127.0.0.1:54229
1611654348961	mozrunner::runner	INFO	Running command: "/usr/bin/firefox" "--marionette" "-foreground" "-no-remote" "-profile" "/tmp/rust_mozprofile8OSXw6"
console.info: MINT: Trying to use the system region (based on LANG).
console.info: MINT: System region is GB
console.info: MINT: Loading search-config defaults.
console.error: "Could not load engine startpage-gb@search.mozilla.org: Error: File resource://search-extensions/startpage-gb/ does not contain a valid manifest"
1611654351223	Marionette	INFO	Listening on port 45303
1611654351307	Marionette	WARN	TLS certificate errors will be ignored for this session
JavaScript warning: moz-extension://91623b6e-1eab-4bc4-a593-e2fe064c2fd6/background.js, line 0: Successfully compiled asm.js code (total compilation time 1ms)
JavaScript error: undefined, line 0: Error: frame.state is undefined
JavaScript error: moz-extension://b73a1f6f-0d6a-43fd-8235-b37a7e5798e6/h0-main.js, line 1: Error: Could not establish connection. Receiving end does not exist.
JavaScript error: moz-extension://b73a1f6f-0d6a-43fd-8235-b37a7e5798e6/h0-main.js, line 1: Error: Could not establish connection. Receiving end does not exist.
JavaScript error: moz-extension://b73a1f6f-0d6a-43fd-8235-b37a7e5798e6/h0-main.js, line 1: Error: Could not establish connection. Receiving end does not exist.
Extension error: Error: Type error for parameter tabId (Integer -1 is too small (must be at least 0)) for tabs.get. moz-extension://91623b6e-1eab-4bc4-a593-e2fe064c2fd6/ext/background.js 143
[[Exception stack
updatePageFrameStructure@moz-extension://91623b6e-1eab-4bc4-a593-e2fe064c2fd6/ext/background.js:143:20
@moz-extension://91623b6e-1eab-4bc4-a593-e2fe064c2fd6/ext/background.js:246:29
Current stack
applySafeWithoutClone@resource://gre/modules/ExtensionCommon.jsm:622:13
fire@resource://gre/modules/ExtensionChild.jsm:806:37
recvRunListener@resource://gre/modules/ExtensionChild.jsm:810:13
_recv@resource://gre/modules/ConduitsChild.jsm:78:20
receiveMessage@resource://gre/modules/ConduitsChild.jsm:184:20
run@resource://gre/modules/ConduitsChild.jsm:175:30
receiveMessage/<@resource://gre/modules/ConduitsChild.jsm:176:46
receiveMessage@resource://gre/modules/ConduitsChild.jsm:176:31
]]
JavaScript error: resource://gre/modules/ConduitsChild.jsm, line 108: Error: sendRemoveListener on closed conduit support@lastpass.com.274877906963
1611654355652	Marionette	WARN	Ignoring event 'DOMContentLoaded' because document has an invalid readyState of 'complete'.
JavaScript warning: https://www.allkpop.com/, line 1500: unreachable code after return statement
JavaScript warning: https://jsc.adskeeper.co.uk/a/d/adxpub.kshow123.net.1046556.js, line 1: WebGL context was lost.
JavaScript warning: https://jsc.adskeeper.co.uk/a/d/adxpub.kshow123.net.1046556.js, line 1: WebGL context was lost.
1611654375663	Marionette	WARN	Ignoring event 'pageshow' because document has an invalid readyState of 'interactive'.
JavaScript warning: https://www.redditstatic.com/accountmanager/ssoOneTap.47d458f6adaea9dfa58c.js, line 1: unreachable code after return statement
JavaScript warning: https://www.redditstatic.com/accountmanager/ssoOneTap.47d458f6adaea9dfa58c.js, line 1: unreachable code after return statement
1611654491605	Marionette	INFO	Stopped listening on port 45303
